-------------------------------------------------------------------------------
Test set: com.gardengroup.agroplantationapp.UserTests.UserTest
-------------------------------------------------------------------------------
Tests run: 1, Failures: 0, Errors: 1, Skipped: 0, Time elapsed: 3.363 s <<< FAILURE! -- in com.gardengroup.agroplantationapp.UserTests.UserTest
com.gardengroup.agroplantationapp.UserTests.UserTest -- Time elapsed: 3.363 s <<< ERROR!
org.springframework.jdbc.datasource.init.ScriptStatementFailedException: Failed to execute SQL script statement #4 of class path resource [importTest.sql]: INSERT INTO plantation (area, harvest_type, irrigation_type, production_type, details) VALUES ('150 sqm', 'organic', 'drip', 'type3', 'semillas de tomate para cultivo en verano'), ('120 sqm', 'organic', 'drip', 'type2', 'semillas de zanahoria para cultivo en primavera'), ('100 sqm', 'organic', 'drip', 'type1', 'semillas de lechuga para plantacion en otonio'), ('200 sqm', 'conventional', 'sprinkler', 'type3', 'semillas de maiz para cosecha en verano'), ('140 sqm', 'organic', 'drip', 'type1', 'semillas de pepino para plantacion en primavera'), ('160 sqm', 'conventional', 'sprinkler', 'type2', 'semillas de calabaza para cultivo en verano'), ('130 sqm', 'organic', 'drip', 'type3', 'semillas de papa para plantacion en otonio'), ('110 sqm', 'organic', 'drip', 'type1', 'semillas de fresa para cosecha en primavera'), ('170 sqm', 'conventional', 'sprinkler', 'type2', 'semillas de sandia para cultivo en verano'), ('125 sqm', 'organic', 'drip', 'type3', 'semillas de rabano para plantacion en otonio') ON DUPLICATE KEY UPDATE details = VALUES(details)
	at org.springframework.jdbc.datasource.init.ScriptUtils.executeSqlScript(ScriptUtils.java:282)
	at org.springframework.jdbc.datasource.init.ResourceDatabasePopulator.populate(ResourceDatabasePopulator.java:254)
	at org.springframework.jdbc.datasource.init.DatabasePopulatorUtils.execute(DatabasePopulatorUtils.java:54)
	at org.springframework.jdbc.datasource.init.ResourceDatabasePopulator.execute(ResourceDatabasePopulator.java:269)
	at org.springframework.test.context.jdbc.SqlScriptsTestExecutionListener.lambda$executeSqlScripts$9(SqlScriptsTestExecutionListener.java:362)
	at org.springframework.transaction.support.TransactionOperations.lambda$executeWithoutResult$0(TransactionOperations.java:68)
	at org.springframework.transaction.support.TransactionTemplate.execute(TransactionTemplate.java:140)
	at org.springframework.transaction.support.TransactionOperations.executeWithoutResult(TransactionOperations.java:67)
	at org.springframework.test.context.jdbc.SqlScriptsTestExecutionListener.executeSqlScripts(SqlScriptsTestExecutionListener.java:362)
	at org.springframework.test.context.jdbc.SqlScriptsTestExecutionListener.lambda$executeSqlScripts$4(SqlScriptsTestExecutionListener.java:275)
	at java.base/java.lang.Iterable.forEach(Iterable.java:75)
	at org.springframework.test.context.jdbc.SqlScriptsTestExecutionListener.executeSqlScripts(SqlScriptsTestExecutionListener.java:275)
	at org.springframework.test.context.jdbc.SqlScriptsTestExecutionListener.executeClassLevelSqlScripts(SqlScriptsTestExecutionListener.java:201)
	at org.springframework.test.context.jdbc.SqlScriptsTestExecutionListener.beforeTestClass(SqlScriptsTestExecutionListener.java:145)
	at org.springframework.test.context.TestContextManager.beforeTestClass(TestContextManager.java:220)
	at org.springframework.test.context.junit.jupiter.SpringExtension.beforeAll(SpringExtension.java:133)
	at java.base/java.util.ArrayList.forEach(ArrayList.java:1511)
Caused by: java.sql.SQLException: Field 'address' doesn't have a default value
	at com.mysql.cj.jdbc.exceptions.SQLError.createSQLException(SQLError.java:130)
	at com.mysql.cj.jdbc.exceptions.SQLExceptionsMapping.translateException(SQLExceptionsMapping.java:122)
	at com.mysql.cj.jdbc.StatementImpl.executeInternal(StatementImpl.java:763)
	at com.mysql.cj.jdbc.StatementImpl.execute(StatementImpl.java:648)
	at com.zaxxer.hikari.pool.ProxyStatement.execute(ProxyStatement.java:94)
	at com.zaxxer.hikari.pool.HikariProxyStatement.execute(HikariProxyStatement.java)
	at org.springframework.jdbc.datasource.init.ScriptUtils.executeSqlScript(ScriptUtils.java:261)
	... 16 more

